2019-03-17 13:06:38.886  INFO DESKTOP-004Q2KR --- [           main] c.e.c.CodebayApplication                 : Starting CodebayApplication on DESKTOP-004Q2KR with PID 11420 (started by VIPR in C:\Users\VIPR\Desktop\ofertas trabajo\codebay)
2019-03-17 13:06:38.888 DEBUG DESKTOP-004Q2KR --- [           main] c.e.c.CodebayApplication                 : Running with Spring Boot v2.1.1.RELEASE, Spring v5.1.3.RELEASE
2019-03-17 13:06:38.889  INFO DESKTOP-004Q2KR --- [           main] c.e.c.CodebayApplication                 : No active profile set, falling back to default profiles: default
2019-03-17 13:06:39.497  INFO DESKTOP-004Q2KR --- [           main] c.e.c.CodebayApplication                 : Started CodebayApplication in 0.853 seconds (JVM running for 2.625)
2019-03-17 13:15:21.023  INFO DESKTOP-004Q2KR --- [           main] c.e.c.CodebayApplication                 : Starting CodebayApplication on DESKTOP-004Q2KR with PID 6568 (started by VIPR in C:\Users\VIPR\Desktop\ofertas trabajo\codebay)
2019-03-17 13:15:21.025 DEBUG DESKTOP-004Q2KR --- [           main] c.e.c.CodebayApplication                 : Running with Spring Boot v2.1.1.RELEASE, Spring v5.1.3.RELEASE
2019-03-17 13:15:21.025  INFO DESKTOP-004Q2KR --- [           main] c.e.c.CodebayApplication                 : No active profile set, falling back to default profiles: default
2019-03-17 13:15:21.610  INFO DESKTOP-004Q2KR --- [           main] c.e.c.CodebayApplication                 : Started CodebayApplication in 0.848 seconds (JVM running for 2.124)
2019-03-17 13:16:43.553  INFO DESKTOP-004Q2KR --- [on(9)-127.0.0.1] inMXBeanRegistrar$SpringApplicationAdmin : Application shutdown requested.
2019-03-17 13:17:03.908  INFO DESKTOP-004Q2KR --- [           main] c.e.c.CodebayApplication                 : Starting CodebayApplication on DESKTOP-004Q2KR with PID 5340 (started by VIPR in C:\Users\VIPR\Desktop\ofertas trabajo\codebay)
2019-03-17 13:17:03.911 DEBUG DESKTOP-004Q2KR --- [           main] c.e.c.CodebayApplication                 : Running with Spring Boot v2.1.1.RELEASE, Spring v5.1.3.RELEASE
2019-03-17 13:17:03.913  INFO DESKTOP-004Q2KR --- [           main] c.e.c.CodebayApplication                 : No active profile set, falling back to default profiles: default
2019-03-17 13:17:04.508  INFO DESKTOP-004Q2KR --- [           main] c.e.c.CodebayApplication                 : Started CodebayApplication in 0.869 seconds (JVM running for 2.142)
2019-03-17 13:17:25.504  INFO DESKTOP-004Q2KR --- [           main] c.e.c.CodebayApplication                 : Error Introducing Data
2019-03-17 13:18:23.129  INFO DESKTOP-004Q2KR --- [           main] c.e.c.CodebayApplication                 : Starting CodebayApplication on DESKTOP-004Q2KR with PID 12776 (started by VIPR in C:\Users\VIPR\Desktop\ofertas trabajo\codebay)
2019-03-17 13:18:23.130 DEBUG DESKTOP-004Q2KR --- [           main] c.e.c.CodebayApplication                 : Running with Spring Boot v2.1.1.RELEASE, Spring v5.1.3.RELEASE
2019-03-17 13:18:23.131  INFO DESKTOP-004Q2KR --- [           main] c.e.c.CodebayApplication                 : No active profile set, falling back to default profiles: default
2019-03-17 13:18:23.734  INFO DESKTOP-004Q2KR --- [           main] c.e.c.CodebayApplication                 : Started CodebayApplication in 0.867 seconds (JVM running for 1.996)
2019-03-17 13:18:28.204  INFO DESKTOP-004Q2KR --- [           main] c.e.c.CodebayApplication                 : Error Introducing Data
2019-03-17 13:19:32.573  INFO DESKTOP-004Q2KR --- [           main] c.e.c.CodebayApplication                 : Starting CodebayApplication on DESKTOP-004Q2KR with PID 9132 (started by VIPR in C:\Users\VIPR\Desktop\ofertas trabajo\codebay)
2019-03-17 13:19:32.577 DEBUG DESKTOP-004Q2KR --- [           main] c.e.c.CodebayApplication                 : Running with Spring Boot v2.1.1.RELEASE, Spring v5.1.3.RELEASE
2019-03-17 13:19:32.577  INFO DESKTOP-004Q2KR --- [           main] c.e.c.CodebayApplication                 : No active profile set, falling back to default profiles: default
2019-03-17 13:19:33.194  INFO DESKTOP-004Q2KR --- [           main] c.e.c.CodebayApplication                 : Started CodebayApplication in 0.909 seconds (JVM running for 2.039)
2019-03-17 13:19:36.651  INFO DESKTOP-004Q2KR --- [           main] c.e.c.CodebayApplication                 : Error Introducing Data
2019-03-17 13:19:42.102  INFO DESKTOP-004Q2KR --- [           main] c.e.c.CodebayApplication                 : Error Introducing Data
2019-03-17 13:31:28.169  INFO DESKTOP-004Q2KR --- [           main] c.e.c.CodebayApplication                 : Starting CodebayApplication on DESKTOP-004Q2KR with PID 7136 (started by VIPR in C:\Users\VIPR\Desktop\ofertas trabajo\codebay)
2019-03-17 13:31:28.172 DEBUG DESKTOP-004Q2KR --- [           main] c.e.c.CodebayApplication                 : Running with Spring Boot v2.1.1.RELEASE, Spring v5.1.3.RELEASE
2019-03-17 13:31:28.172  INFO DESKTOP-004Q2KR --- [           main] c.e.c.CodebayApplication                 : No active profile set, falling back to default profiles: default
2019-03-17 13:31:28.771  INFO DESKTOP-004Q2KR --- [           main] c.e.c.CodebayApplication                 : Started CodebayApplication in 0.876 seconds (JVM running for 2.281)
2019-03-17 13:39:24.541  INFO DESKTOP-004Q2KR --- [           main] c.e.c.CodebayApplication                 : Starting CodebayApplication on DESKTOP-004Q2KR with PID 6844 (started by VIPR in C:\Users\VIPR\Desktop\ofertas trabajo\codebay)
2019-03-17 13:39:24.543 DEBUG DESKTOP-004Q2KR --- [           main] c.e.c.CodebayApplication                 : Running with Spring Boot v2.1.1.RELEASE, Spring v5.1.3.RELEASE
2019-03-17 13:39:24.544  INFO DESKTOP-004Q2KR --- [           main] c.e.c.CodebayApplication                 : No active profile set, falling back to default profiles: default
2019-03-17 13:39:25.042  INFO DESKTOP-004Q2KR --- [           main] c.e.c.CodebayApplication                 : Started CodebayApplication in 0.723 seconds (JVM running for 1.673)
